2015-11-10 15:26:56 10fc InnoDB: Warning: Using innodb_additional_mem_pool_size is DEPRECATED. This option may be removed in future releases, together with the option innodb_use_sys_malloc and with the InnoDB's internal memory allocator.
2015-11-10 15:26:56 4348 [Note] InnoDB: Using mutexes to ref count buffer pool pages
2015-11-10 15:26:56 4348 [Note] InnoDB: The InnoDB memory heap is disabled
2015-11-10 15:26:56 4348 [Note] InnoDB: Mutexes and rw_locks use Windows interlocked functions
2015-11-10 15:26:56 4348 [Note] InnoDB: Memory barrier is not used
2015-11-10 15:26:56 4348 [Note] InnoDB: Compressed tables use zlib 1.2.3
2015-11-10 15:26:56 4348 [Note] InnoDB: Not using CPU crc32 instructions
2015-11-10 15:26:56 4348 [Note] InnoDB: Initializing buffer pool, size = 16.0M
2015-11-10 15:26:56 4348 [Note] InnoDB: Completed initialization of buffer pool
2015-11-10 15:26:56 4348 [Note] InnoDB: Highest supported file format is Barracuda.
2015-11-10 15:26:57 4348 [Note] InnoDB: 128 rollback segment(s) are active.
2015-11-10 15:26:57 4348 [Note] InnoDB: Waiting for purge to start
2015-11-10 15:26:57 4348 [Note] InnoDB:  Percona XtraDB (http://www.percona.com) 5.6.26-74.0 started; log sequence number 1835027
2015-11-10 15:26:57 6140 [Note] InnoDB: Dumping buffer pool(s) not yet started
2015-11-10 15:26:57 4348 [Note] Plugin 'FEEDBACK' is disabled.
2015-11-10 15:26:57 4348 [Note] Server socket created on IP: '::'.
2015-11-10 15:26:57 4348 [Note] Event Scheduler: Loaded 0 events
2015-11-10 15:26:57 4348 [Note] C:\xampp\mysql\bin\mysqld.exe: ready for connections.
Version: '10.1.8-MariaDB'  socket: ''  port: 3306  mariadb.org binary distribution
2015-11-10 15:27:11 5152 [Note] C:\xampp\mysql\bin\mysqld.exe: Normal shutdown

2015-11-10 15:27:11 5152 [Note] Event Scheduler: Purging the queue. 0 events
2015-11-10 15:27:11 5732 [Note] InnoDB: FTS optimize thread exiting.
2015-11-10 15:27:11 5152 [Note] InnoDB: Starting shutdown...
2015-11-10 15:27:13 5152 [Note] InnoDB: Shutdown completed; log sequence number 1835037
2015-11-10 15:27:13 5152 [Note] C:\xampp\mysql\bin\mysqld.exe: Shutdown complete

2018-10-25 22:34:58 4bcc InnoDB: Warning: Using innodb_additional_mem_pool_size is DEPRECATED. This option may be removed in future releases, together with the option innodb_use_sys_malloc and with the InnoDB's internal memory allocator.
2018-10-25 22:34:58 19404 [Note] InnoDB: innodb_empty_free_list_algorithm has been changed to legacy because of small buffer pool size. In order to use backoff, increase buffer pool at least up to 20MB.

2018-10-25 22:34:58 19404 [Note] InnoDB: Using mutexes to ref count buffer pool pages
2018-10-25 22:34:58 19404 [Note] InnoDB: The InnoDB memory heap is disabled
2018-10-25 22:34:58 19404 [Note] InnoDB: Mutexes and rw_locks use Windows interlocked functions
2018-10-25 22:34:58 19404 [Note] InnoDB: _mm_lfence() and _mm_sfence() are used for memory barrier
2018-10-25 22:34:58 19404 [Note] InnoDB: Compressed tables use zlib 1.2.3
2018-10-25 22:34:58 19404 [Note] InnoDB: Using generic crc32 instructions
2018-10-25 22:34:58 19404 [Note] InnoDB: Initializing buffer pool, size = 16.0M
2018-10-25 22:34:58 19404 [Note] InnoDB: Completed initialization of buffer pool
2018-10-25 22:34:58 19404 [Note] InnoDB: Highest supported file format is Barracuda.
2018-10-25 22:34:58 19404 [Note] InnoDB: 128 rollback segment(s) are active.
2018-10-25 22:34:58 19404 [Note] InnoDB: Waiting for purge to start
2018-10-25 22:34:58 19404 [Note] InnoDB:  Percona XtraDB (http://www.percona.com) 5.6.39-83.1 started; log sequence number 1835037
2018-10-25 22:34:58 17020 [Note] InnoDB: Dumping buffer pool(s) not yet started
2018-10-25 22:34:58 19404 [Note] Plugin 'FEEDBACK' is disabled.
2018-10-25 22:34:58 19404 [Note] Server socket created on IP: '::'.
2018-10-25 22:34:58 19404 [Note] c:\xampp\mysql\bin\mysqld.exe: ready for connections.
Version: '10.1.36-MariaDB'  socket: ''  port: 3306  mariadb.org binary distribution
2018-10-29 11:13:19 2584 InnoDB: Warning: Using innodb_additional_mem_pool_size is DEPRECATED. This option may be removed in future releases, together with the option innodb_use_sys_malloc and with the InnoDB's internal memory allocator.
2018-10-29 11:13:19 9604 [Note] InnoDB: innodb_empty_free_list_algorithm has been changed to legacy because of small buffer pool size. In order to use backoff, increase buffer pool at least up to 20MB.

2018-10-29 11:13:19 9604 [Note] InnoDB: Using mutexes to ref count buffer pool pages
2018-10-29 11:13:19 9604 [Note] InnoDB: The InnoDB memory heap is disabled
2018-10-29 11:13:19 9604 [Note] InnoDB: Mutexes and rw_locks use Windows interlocked functions
2018-10-29 11:13:19 9604 [Note] InnoDB: _mm_lfence() and _mm_sfence() are used for memory barrier
2018-10-29 11:13:19 9604 [Note] InnoDB: Compressed tables use zlib 1.2.3
2018-10-29 11:13:19 9604 [Note] InnoDB: Using generic crc32 instructions
2018-10-29 11:13:19 9604 [Note] InnoDB: Initializing buffer pool, size = 16.0M
2018-10-29 11:13:19 9604 [Note] InnoDB: Completed initialization of buffer pool
2018-10-29 11:13:19 9604 [Note] InnoDB: Highest supported file format is Barracuda.
2018-10-29 11:13:19 9604 [Note] InnoDB: The log sequence number 1835037 in ibdata file do not match the log sequence number 1909857 in the ib_logfiles!
2018-10-29 11:13:19 9604 [Note] InnoDB: Restoring possible half-written data pages from the doublewrite buffer...
2018-10-29 11:13:19 9604 [Note] InnoDB: 128 rollback segment(s) are active.
2018-10-29 11:13:19 9604 [Note] InnoDB: Waiting for purge to start
2018-10-29 11:13:19 9604 [Note] InnoDB:  Percona XtraDB (http://www.percona.com) 5.6.39-83.1 started; log sequence number 1909857
2018-10-29 11:13:19 21164 [Note] InnoDB: Dumping buffer pool(s) not yet started
2018-10-29 11:13:19 9604 [Note] Plugin 'FEEDBACK' is disabled.
2018-10-29 11:13:19 9604 [Note] Server socket created on IP: '::'.
2018-10-29 11:13:20 9604 [Note] c:\xampp\mysql\bin\mysqld.exe: ready for connections.
Version: '10.1.36-MariaDB'  socket: ''  port: 3306  mariadb.org binary distribution
2018-10-29 11:23:27 20320 [ERROR] Incorrect definition of table mysql.column_stats: expected column 'min_value' at position 3 to have type varbinary(255), found type varchar(255).
2018-10-29 11:23:27 20320 [ERROR] Incorrect definition of table mysql.column_stats: expected column 'max_value' at position 4 to have type varbinary(255), found type varchar(255).
2018-10-29 14:08:39 8f4 InnoDB: Warning: Using innodb_additional_mem_pool_size is DEPRECATED. This option may be removed in future releases, together with the option innodb_use_sys_malloc and with the InnoDB's internal memory allocator.
2018-10-29 14:08:39 2292 [Note] InnoDB: innodb_empty_free_list_algorithm has been changed to legacy because of small buffer pool size. In order to use backoff, increase buffer pool at least up to 20MB.

2018-10-29 14:08:39 2292 [Note] InnoDB: Using mutexes to ref count buffer pool pages
2018-10-29 14:08:39 2292 [Note] InnoDB: The InnoDB memory heap is disabled
2018-10-29 14:08:39 2292 [Note] InnoDB: Mutexes and rw_locks use Windows interlocked functions
2018-10-29 14:08:39 2292 [Note] InnoDB: _mm_lfence() and _mm_sfence() are used for memory barrier
2018-10-29 14:08:39 2292 [Note] InnoDB: Compressed tables use zlib 1.2.3
2018-10-29 14:08:39 2292 [Note] InnoDB: Using generic crc32 instructions
2018-10-29 14:08:39 2292 [Note] InnoDB: Initializing buffer pool, size = 16.0M
2018-10-29 14:08:39 2292 [Note] InnoDB: Completed initialization of buffer pool
2018-10-29 14:08:39 2292 [Note] InnoDB: Highest supported file format is Barracuda.
2018-10-29 14:08:39 2292 [Note] InnoDB: The log sequence number 1835037 in ibdata file do not match the log sequence number 1945806 in the ib_logfiles!
2018-10-29 14:08:39 2292 [Note] InnoDB: Restoring possible half-written data pages from the doublewrite buffer...
2018-10-29 14:08:39 2292 [Note] InnoDB: 128 rollback segment(s) are active.
2018-10-29 14:08:39 2292 [Note] InnoDB: Waiting for purge to start
2018-10-29 14:08:39 2292 [Note] InnoDB:  Percona XtraDB (http://www.percona.com) 5.6.39-83.1 started; log sequence number 1945806
2018-10-29 14:08:39 17088 [Note] InnoDB: Dumping buffer pool(s) not yet started
2018-10-29 14:08:39 2292 [Note] Plugin 'FEEDBACK' is disabled.
2018-10-29 14:08:39 2292 [Note] Server socket created on IP: '::'.
2018-10-29 14:08:39 2292 [Note] c:\xampp\mysql\bin\mysqld.exe: ready for connections.
Version: '10.1.36-MariaDB'  socket: ''  port: 3306  mariadb.org binary distribution
2018-10-29 22:56:08 3840 InnoDB: Warning: Using innodb_additional_mem_pool_size is DEPRECATED. This option may be removed in future releases, together with the option innodb_use_sys_malloc and with the InnoDB's internal memory allocator.
2018-10-29 22:56:08 14400 [Note] InnoDB: innodb_empty_free_list_algorithm has been changed to legacy because of small buffer pool size. In order to use backoff, increase buffer pool at least up to 20MB.

2018-10-29 22:56:08 14400 [Note] InnoDB: Using mutexes to ref count buffer pool pages
2018-10-29 22:56:08 14400 [Note] InnoDB: The InnoDB memory heap is disabled
2018-10-29 22:56:08 14400 [Note] InnoDB: Mutexes and rw_locks use Windows interlocked functions
2018-10-29 22:56:08 14400 [Note] InnoDB: _mm_lfence() and _mm_sfence() are used for memory barrier
2018-10-29 22:56:08 14400 [Note] InnoDB: Compressed tables use zlib 1.2.3
2018-10-29 22:56:08 14400 [Note] InnoDB: Using generic crc32 instructions
2018-10-29 22:56:08 14400 [Note] InnoDB: Initializing buffer pool, size = 16.0M
2018-10-29 22:56:08 14400 [Note] InnoDB: Completed initialization of buffer pool
2018-10-29 22:56:08 14400 [Note] InnoDB: Highest supported file format is Barracuda.
2018-10-29 22:56:08 14400 [Note] InnoDB: The log sequence number 1835037 in ibdata file do not match the log sequence number 2051193 in the ib_logfiles!
2018-10-29 22:56:08 14400 [Note] InnoDB: Restoring possible half-written data pages from the doublewrite buffer...
2018-10-29 22:56:08 14400 [Note] InnoDB: 128 rollback segment(s) are active.
2018-10-29 22:56:08 14400 [Note] InnoDB: Waiting for purge to start
2018-10-29 22:56:08 14400 [Note] InnoDB:  Percona XtraDB (http://www.percona.com) 5.6.39-83.1 started; log sequence number 2051193
2018-10-29 22:56:08 14048 [Note] InnoDB: Dumping buffer pool(s) not yet started
2018-10-29 22:56:08 14400 [Note] Plugin 'FEEDBACK' is disabled.
2018-10-29 22:56:08 14400 [Note] Server socket created on IP: '::'.
2018-10-29 22:56:09 14400 [Note] c:\xampp\mysql\bin\mysqld.exe: ready for connections.
Version: '10.1.36-MariaDB'  socket: ''  port: 3306  mariadb.org binary distribution
2018-10-30 08:57:58 6348 InnoDB: Warning: Using innodb_additional_mem_pool_size is DEPRECATED. This option may be removed in future releases, together with the option innodb_use_sys_malloc and with the InnoDB's internal memory allocator.
2018-10-30  8:57:58 25416 [Note] InnoDB: innodb_empty_free_list_algorithm has been changed to legacy because of small buffer pool size. In order to use backoff, increase buffer pool at least up to 20MB.

2018-10-30  8:57:58 25416 [Note] InnoDB: Using mutexes to ref count buffer pool pages
2018-10-30  8:57:58 25416 [Note] InnoDB: The InnoDB memory heap is disabled
2018-10-30  8:57:58 25416 [Note] InnoDB: Mutexes and rw_locks use Windows interlocked functions
2018-10-30  8:57:58 25416 [Note] InnoDB: _mm_lfence() and _mm_sfence() are used for memory barrier
2018-10-30  8:57:58 25416 [Note] InnoDB: Compressed tables use zlib 1.2.3
2018-10-30  8:57:58 25416 [Note] InnoDB: Using generic crc32 instructions
2018-10-30  8:57:58 25416 [Note] InnoDB: Initializing buffer pool, size = 16.0M
2018-10-30  8:57:58 25416 [Note] InnoDB: Completed initialization of buffer pool
2018-10-30  8:57:59 25416 [Note] InnoDB: Highest supported file format is Barracuda.
2018-10-30  8:57:59 25416 [Note] InnoDB: The log sequence number 1835037 in ibdata file do not match the log sequence number 2051408 in the ib_logfiles!
2018-10-30  8:57:59 25416 [Note] InnoDB: Restoring possible half-written data pages from the doublewrite buffer...
2018-10-30  8:57:59 25416 [Note] InnoDB: 128 rollback segment(s) are active.
2018-10-30  8:57:59 25416 [Note] InnoDB: Waiting for purge to start
2018-10-30  8:57:59 25416 [Note] InnoDB:  Percona XtraDB (http://www.percona.com) 5.6.39-83.1 started; log sequence number 2051408
2018-10-30  8:57:59 17696 [Note] InnoDB: Dumping buffer pool(s) not yet started
2018-10-30  8:57:59 25416 [Note] Plugin 'FEEDBACK' is disabled.
2018-10-30  8:57:59 25416 [Note] Server socket created on IP: '::'.
2018-10-30  8:57:59 25416 [Note] c:\xampp\mysql\bin\mysqld.exe: ready for connections.
Version: '10.1.36-MariaDB'  socket: ''  port: 3306  mariadb.org binary distribution
2018-10-30 20:15:08 3744 InnoDB: Warning: Using innodb_additional_mem_pool_size is DEPRECATED. This option may be removed in future releases, together with the option innodb_use_sys_malloc and with the InnoDB's internal memory allocator.
2018-10-30 20:15:08 14148 [Note] InnoDB: innodb_empty_free_list_algorithm has been changed to legacy because of small buffer pool size. In order to use backoff, increase buffer pool at least up to 20MB.

2018-10-30 20:15:08 14148 [Note] InnoDB: Using mutexes to ref count buffer pool pages
2018-10-30 20:15:08 14148 [Note] InnoDB: The InnoDB memory heap is disabled
2018-10-30 20:15:08 14148 [Note] InnoDB: Mutexes and rw_locks use Windows interlocked functions
2018-10-30 20:15:08 14148 [Note] InnoDB: _mm_lfence() and _mm_sfence() are used for memory barrier
2018-10-30 20:15:08 14148 [Note] InnoDB: Compressed tables use zlib 1.2.3
2018-10-30 20:15:08 14148 [Note] InnoDB: Using generic crc32 instructions
2018-10-30 20:15:08 14148 [Note] InnoDB: Initializing buffer pool, size = 16.0M
2018-10-30 20:15:08 14148 [Note] InnoDB: Completed initialization of buffer pool
2018-10-30 20:15:08 14148 [Note] InnoDB: Highest supported file format is Barracuda.
2018-10-30 20:15:08 14148 [Note] InnoDB: The log sequence number 1835037 in ibdata file do not match the log sequence number 2051639 in the ib_logfiles!
2018-10-30 20:15:08 14148 [Note] InnoDB: Restoring possible half-written data pages from the doublewrite buffer...
2018-10-30 20:15:08 14148 [Note] InnoDB: 128 rollback segment(s) are active.
2018-10-30 20:15:08 14148 [Note] InnoDB: Waiting for purge to start
2018-10-30 20:15:08 14148 [Note] InnoDB:  Percona XtraDB (http://www.percona.com) 5.6.39-83.1 started; log sequence number 2051639
2018-10-30 20:15:09 15908 [Note] InnoDB: Dumping buffer pool(s) not yet started
2018-10-30 20:15:09 14148 [Note] Plugin 'FEEDBACK' is disabled.
2018-10-30 20:15:09 14148 [Note] Server socket created on IP: '::'.
2018-10-30 20:15:09 14148 [ERROR] Can't start server: Bind on TCP/IP port. Got error: 10048: Normalerweise darf jede Socketadresse (Protokoll, Netzwerkadresse oder Anschluss) nur jeweils einmal verwendet werden.

2018-10-30 20:15:09 14148 [ERROR] Do you already have another mysqld server running on port: 3306 ?
2018-10-30 20:15:09 14148 [ERROR] Aborting

2018-10-30 20:15:35 3ea8 InnoDB: Warning: Using innodb_additional_mem_pool_size is DEPRECATED. This option may be removed in future releases, together with the option innodb_use_sys_malloc and with the InnoDB's internal memory allocator.
2018-10-30 20:15:35 16040 [Note] InnoDB: innodb_empty_free_list_algorithm has been changed to legacy because of small buffer pool size. In order to use backoff, increase buffer pool at least up to 20MB.

2018-10-30 20:15:35 16040 [Note] InnoDB: Using mutexes to ref count buffer pool pages
2018-10-30 20:15:35 16040 [Note] InnoDB: The InnoDB memory heap is disabled
2018-10-30 20:15:35 16040 [Note] InnoDB: Mutexes and rw_locks use Windows interlocked functions
2018-10-30 20:15:35 16040 [Note] InnoDB: _mm_lfence() and _mm_sfence() are used for memory barrier
2018-10-30 20:15:35 16040 [Note] InnoDB: Compressed tables use zlib 1.2.3
2018-10-30 20:15:35 16040 [Note] InnoDB: Using generic crc32 instructions
2018-10-30 20:15:35 16040 [Note] InnoDB: Initializing buffer pool, size = 16.0M
2018-10-30 20:15:35 16040 [Note] InnoDB: Completed initialization of buffer pool
2018-10-30 20:15:35 16040 [Note] InnoDB: Highest supported file format is Barracuda.
2018-10-30 20:15:36 16040 [Note] InnoDB: 128 rollback segment(s) are active.
2018-10-30 20:15:36 16040 [Note] InnoDB: Waiting for purge to start
2018-10-30 20:15:36 16040 [Note] InnoDB:  Percona XtraDB (http://www.percona.com) 5.6.39-83.1 started; log sequence number 2051649
2018-10-30 20:15:36 15212 [Note] InnoDB: Dumping buffer pool(s) not yet started
2018-10-30 20:15:36 16040 [Note] Plugin 'FEEDBACK' is disabled.
2018-10-30 20:15:36 16040 [Note] Server socket created on IP: '::'.
2018-10-30 20:15:36 16040 [ERROR] Can't start server: Bind on TCP/IP port. Got error: 10048: Normalerweise darf jede Socketadresse (Protokoll, Netzwerkadresse oder Anschluss) nur jeweils einmal verwendet werden.

2018-10-30 20:15:36 16040 [ERROR] Do you already have another mysqld server running on port: 3306 ?
2018-10-30 20:15:36 16040 [ERROR] Aborting

2018-10-30 20:15:54 3fc8 InnoDB: Warning: Using innodb_additional_mem_pool_size is DEPRECATED. This option may be removed in future releases, together with the option innodb_use_sys_malloc and with the InnoDB's internal memory allocator.
2018-10-30 20:15:54 16328 [Note] InnoDB: innodb_empty_free_list_algorithm has been changed to legacy because of small buffer pool size. In order to use backoff, increase buffer pool at least up to 20MB.

2018-10-30 20:15:55 16328 [Note] InnoDB: Using mutexes to ref count buffer pool pages
2018-10-30 20:15:55 16328 [Note] InnoDB: The InnoDB memory heap is disabled
2018-10-30 20:15:55 16328 [Note] InnoDB: Mutexes and rw_locks use Windows interlocked functions
2018-10-30 20:15:55 16328 [Note] InnoDB: _mm_lfence() and _mm_sfence() are used for memory barrier
2018-10-30 20:15:55 16328 [Note] InnoDB: Compressed tables use zlib 1.2.3
2018-10-30 20:15:55 16328 [Note] InnoDB: Using generic crc32 instructions
2018-10-30 20:15:55 16328 [Note] InnoDB: Initializing buffer pool, size = 16.0M
2018-10-30 20:15:55 16328 [Note] InnoDB: Completed initialization of buffer pool
2018-10-30 20:15:55 16328 [Note] InnoDB: Highest supported file format is Barracuda.
2018-10-30 20:15:55 16328 [Note] InnoDB: 128 rollback segment(s) are active.
2018-10-30 20:15:55 16328 [Note] InnoDB: Waiting for purge to start
2018-10-30 20:15:55 16328 [Note] InnoDB:  Percona XtraDB (http://www.percona.com) 5.6.39-83.1 started; log sequence number 2051659
2018-10-30 20:15:55 14984 [Note] InnoDB: Dumping buffer pool(s) not yet started
2018-10-30 20:15:55 16328 [Note] Plugin 'FEEDBACK' is disabled.
2018-10-30 20:15:55 16328 [Note] Server socket created on IP: '::'.
2018-10-30 20:15:55 16328 [ERROR] Can't start server: Bind on TCP/IP port. Got error: 10048: Normalerweise darf jede Socketadresse (Protokoll, Netzwerkadresse oder Anschluss) nur jeweils einmal verwendet werden.

2018-10-30 20:15:55 16328 [ERROR] Do you already have another mysqld server running on port: 3306 ?
2018-10-30 20:15:55 16328 [ERROR] Aborting

2018-10-30 20:17:40 23e8 InnoDB: Warning: Using innodb_additional_mem_pool_size is DEPRECATED. This option may be removed in future releases, together with the option innodb_use_sys_malloc and with the InnoDB's internal memory allocator.
2018-10-30 20:17:40 9192 [Note] InnoDB: innodb_empty_free_list_algorithm has been changed to legacy because of small buffer pool size. In order to use backoff, increase buffer pool at least up to 20MB.

2018-10-30 20:17:40 9192 [Note] InnoDB: Using mutexes to ref count buffer pool pages
2018-10-30 20:17:40 9192 [Note] InnoDB: The InnoDB memory heap is disabled
2018-10-30 20:17:40 9192 [Note] InnoDB: Mutexes and rw_locks use Windows interlocked functions
2018-10-30 20:17:40 9192 [Note] InnoDB: _mm_lfence() and _mm_sfence() are used for memory barrier
2018-10-30 20:17:40 9192 [Note] InnoDB: Compressed tables use zlib 1.2.3
2018-10-30 20:17:40 9192 [Note] InnoDB: Using generic crc32 instructions
2018-10-30 20:17:40 9192 [Note] InnoDB: Initializing buffer pool, size = 16.0M
2018-10-30 20:17:40 9192 [Note] InnoDB: Completed initialization of buffer pool
2018-10-30 20:17:40 9192 [Note] InnoDB: Highest supported file format is Barracuda.
2018-10-30 20:17:40 9192 [Note] InnoDB: 128 rollback segment(s) are active.
2018-10-30 20:17:40 9192 [Note] InnoDB: Waiting for purge to start
2018-10-30 20:17:40 9192 [Note] InnoDB:  Percona XtraDB (http://www.percona.com) 5.6.39-83.1 started; log sequence number 2051669
2018-10-30 20:17:40 7784 [Note] InnoDB: Dumping buffer pool(s) not yet started
2018-10-30 20:17:40 9192 [Note] Plugin 'FEEDBACK' is disabled.
2018-10-30 20:17:40 9192 [Note] Server socket created on IP: '::'.
2018-10-30 20:17:41 9192 [Note] c:\xampp\mysql\bin\mysqld.exe: ready for connections.
Version: '10.1.36-MariaDB'  socket: ''  port: 3306  mariadb.org binary distribution
2018-10-31 09:17:55 3b44 InnoDB: Warning: Using innodb_additional_mem_pool_size is DEPRECATED. This option may be removed in future releases, together with the option innodb_use_sys_malloc and with the InnoDB's internal memory allocator.
2018-10-31  9:17:55 15172 [Note] InnoDB: innodb_empty_free_list_algorithm has been changed to legacy because of small buffer pool size. In order to use backoff, increase buffer pool at least up to 20MB.

2018-10-31  9:17:55 15172 [Note] InnoDB: Using mutexes to ref count buffer pool pages
2018-10-31  9:17:55 15172 [Note] InnoDB: The InnoDB memory heap is disabled
2018-10-31  9:17:55 15172 [Note] InnoDB: Mutexes and rw_locks use Windows interlocked functions
2018-10-31  9:17:55 15172 [Note] InnoDB: _mm_lfence() and _mm_sfence() are used for memory barrier
2018-10-31  9:17:55 15172 [Note] InnoDB: Compressed tables use zlib 1.2.3
2018-10-31  9:17:55 15172 [Note] InnoDB: Using generic crc32 instructions
2018-10-31  9:17:55 15172 [Note] InnoDB: Initializing buffer pool, size = 16.0M
2018-10-31  9:17:55 15172 [Note] InnoDB: Completed initialization of buffer pool
2018-10-31  9:17:55 15172 [Note] InnoDB: Highest supported file format is Barracuda.
2018-10-31  9:17:55 15172 [Note] InnoDB: The log sequence number 2051669 in ibdata file do not match the log sequence number 2051884 in the ib_logfiles!
2018-10-31  9:17:55 15172 [Note] InnoDB: Restoring possible half-written data pages from the doublewrite buffer...
2018-10-31  9:17:56 15172 [Note] InnoDB: 128 rollback segment(s) are active.
2018-10-31  9:17:56 15172 [Note] InnoDB: Waiting for purge to start
2018-10-31  9:17:56 15172 [Note] InnoDB:  Percona XtraDB (http://www.percona.com) 5.6.39-83.1 started; log sequence number 2051884
2018-10-31  9:17:56 20404 [Note] InnoDB: Dumping buffer pool(s) not yet started
2018-10-31  9:17:56 15172 [Note] Plugin 'FEEDBACK' is disabled.
2018-10-31  9:17:56 15172 [Note] Server socket created on IP: '::'.
2018-10-31  9:17:56 15172 [Note] c:\xampp\mysql\bin\mysqld.exe: ready for connections.
Version: '10.1.36-MariaDB'  socket: ''  port: 3306  mariadb.org binary distribution
2018-10-31 10:50:42 3590 InnoDB: Warning: Using innodb_additional_mem_pool_size is DEPRECATED. This option may be removed in future releases, together with the option innodb_use_sys_malloc and with the InnoDB's internal memory allocator.
2018-10-31 10:50:42 13712 [Note] InnoDB: innodb_empty_free_list_algorithm has been changed to legacy because of small buffer pool size. In order to use backoff, increase buffer pool at least up to 20MB.

2018-10-31 10:50:42 13712 [Note] InnoDB: Using mutexes to ref count buffer pool pages
2018-10-31 10:50:42 13712 [Note] InnoDB: The InnoDB memory heap is disabled
2018-10-31 10:50:42 13712 [Note] InnoDB: Mutexes and rw_locks use Windows interlocked functions
2018-10-31 10:50:42 13712 [Note] InnoDB: _mm_lfence() and _mm_sfence() are used for memory barrier
2018-10-31 10:50:42 13712 [Note] InnoDB: Compressed tables use zlib 1.2.3
2018-10-31 10:50:42 13712 [Note] InnoDB: Using generic crc32 instructions
2018-10-31 10:50:42 13712 [Note] InnoDB: Initializing buffer pool, size = 16.0M
2018-10-31 10:50:42 13712 [Note] InnoDB: Completed initialization of buffer pool
2018-10-31 10:50:42 13712 [Note] InnoDB: Highest supported file format is Barracuda.
2018-10-31 10:50:42 13712 [Note] InnoDB: The log sequence number 2051669 in ibdata file do not match the log sequence number 2052114 in the ib_logfiles!
2018-10-31 10:50:42 13712 [Note] InnoDB: Restoring possible half-written data pages from the doublewrite buffer...
2018-10-31 10:50:42 13712 [Note] InnoDB: 128 rollback segment(s) are active.
2018-10-31 10:50:42 13712 [Note] InnoDB: Waiting for purge to start
2018-10-31 10:50:42 13712 [Note] InnoDB:  Percona XtraDB (http://www.percona.com) 5.6.39-83.1 started; log sequence number 2052114
2018-10-31 10:50:42 13016 [Note] InnoDB: Dumping buffer pool(s) not yet started
2018-10-31 10:50:42 13712 [Note] Plugin 'FEEDBACK' is disabled.
2018-10-31 10:50:42 13712 [Note] Server socket created on IP: '::'.
2018-10-31 10:50:42 13712 [ERROR] Can't start server: Bind on TCP/IP port. Got error: 10048: Normalerweise darf jede Socketadresse (Protokoll, Netzwerkadresse oder Anschluss) nur jeweils einmal verwendet werden.

2018-10-31 10:50:42 13712 [ERROR] Do you already have another mysqld server running on port: 3306 ?
2018-10-31 10:50:42 13712 [ERROR] Aborting

2018-10-31 10:51:47 270c InnoDB: Warning: Using innodb_additional_mem_pool_size is DEPRECATED. This option may be removed in future releases, together with the option innodb_use_sys_malloc and with the InnoDB's internal memory allocator.
2018-10-31 10:51:47 9996 [Note] InnoDB: innodb_empty_free_list_algorithm has been changed to legacy because of small buffer pool size. In order to use backoff, increase buffer pool at least up to 20MB.

2018-10-31 10:51:47 9996 [Note] InnoDB: Using mutexes to ref count buffer pool pages
2018-10-31 10:51:47 9996 [Note] InnoDB: The InnoDB memory heap is disabled
2018-10-31 10:51:47 9996 [Note] InnoDB: Mutexes and rw_locks use Windows interlocked functions
2018-10-31 10:51:47 9996 [Note] InnoDB: _mm_lfence() and _mm_sfence() are used for memory barrier
2018-10-31 10:51:47 9996 [Note] InnoDB: Compressed tables use zlib 1.2.3
2018-10-31 10:51:47 9996 [Note] InnoDB: Using generic crc32 instructions
2018-10-31 10:51:47 9996 [Note] InnoDB: Initializing buffer pool, size = 16.0M
2018-10-31 10:51:47 9996 [Note] InnoDB: Completed initialization of buffer pool
2018-10-31 10:51:47 9996 [Note] InnoDB: Highest supported file format is Barracuda.
2018-10-31 10:51:48 9996 [Note] InnoDB: 128 rollback segment(s) are active.
2018-10-31 10:51:48 9996 [Note] InnoDB: Waiting for purge to start
2018-10-31 10:51:48 9996 [Note] InnoDB:  Percona XtraDB (http://www.percona.com) 5.6.39-83.1 started; log sequence number 2052124
2018-10-31 10:51:48 15152 [Note] InnoDB: Dumping buffer pool(s) not yet started
2018-10-31 10:51:48 9996 [Note] Plugin 'FEEDBACK' is disabled.
2018-10-31 10:51:48 9996 [Note] Server socket created on IP: '::'.
2018-10-31 10:51:48 9996 [ERROR] Can't start server: Bind on TCP/IP port. Got error: 10048: Normalerweise darf jede Socketadresse (Protokoll, Netzwerkadresse oder Anschluss) nur jeweils einmal verwendet werden.

2018-10-31 10:51:48 9996 [ERROR] Do you already have another mysqld server running on port: 3306 ?
2018-10-31 10:51:48 9996 [ERROR] Aborting

2018-10-31 10:51:53 3b24 InnoDB: Warning: Using innodb_additional_mem_pool_size is DEPRECATED. This option may be removed in future releases, together with the option innodb_use_sys_malloc and with the InnoDB's internal memory allocator.
2018-10-31 10:51:53 15140 [Note] InnoDB: innodb_empty_free_list_algorithm has been changed to legacy because of small buffer pool size. In order to use backoff, increase buffer pool at least up to 20MB.

2018-10-31 10:51:53 15140 [Note] InnoDB: Using mutexes to ref count buffer pool pages
2018-10-31 10:51:53 15140 [Note] InnoDB: The InnoDB memory heap is disabled
2018-10-31 10:51:53 15140 [Note] InnoDB: Mutexes and rw_locks use Windows interlocked functions
2018-10-31 10:51:53 15140 [Note] InnoDB: _mm_lfence() and _mm_sfence() are used for memory barrier
2018-10-31 10:51:53 15140 [Note] InnoDB: Compressed tables use zlib 1.2.3
2018-10-31 10:51:53 15140 [Note] InnoDB: Using generic crc32 instructions
2018-10-31 10:51:53 15140 [Note] InnoDB: Initializing buffer pool, size = 16.0M
2018-10-31 10:51:53 15140 [Note] InnoDB: Completed initialization of buffer pool
2018-10-31 10:51:53 15140 [Note] InnoDB: Highest supported file format is Barracuda.
2018-10-31 10:51:54 15140 [Note] InnoDB: 128 rollback segment(s) are active.
2018-10-31 10:51:54 15140 [Note] InnoDB: Waiting for purge to start
2018-10-31 10:51:54 15140 [Note] InnoDB:  Percona XtraDB (http://www.percona.com) 5.6.39-83.1 started; log sequence number 2052134
2018-10-31 10:51:54 14880 [Note] InnoDB: Dumping buffer pool(s) not yet started
2018-10-31 10:51:54 15140 [Note] Plugin 'FEEDBACK' is disabled.
2018-10-31 10:51:54 15140 [Note] Server socket created on IP: '::'.
2018-10-31 10:51:54 15140 [ERROR] Can't start server: Bind on TCP/IP port. Got error: 10048: Normalerweise darf jede Socketadresse (Protokoll, Netzwerkadresse oder Anschluss) nur jeweils einmal verwendet werden.

2018-10-31 10:51:54 15140 [ERROR] Do you already have another mysqld server running on port: 3306 ?
2018-10-31 10:51:54 15140 [ERROR] Aborting

2018-10-31 10:52:04 428 InnoDB: Warning: Using innodb_additional_mem_pool_size is DEPRECATED. This option may be removed in future releases, together with the option innodb_use_sys_malloc and with the InnoDB's internal memory allocator.
2018-10-31 10:52:04 1064 [Note] InnoDB: innodb_empty_free_list_algorithm has been changed to legacy because of small buffer pool size. In order to use backoff, increase buffer pool at least up to 20MB.

2018-10-31 10:52:04 1064 [Note] InnoDB: Using mutexes to ref count buffer pool pages
2018-10-31 10:52:04 1064 [Note] InnoDB: The InnoDB memory heap is disabled
2018-10-31 10:52:04 1064 [Note] InnoDB: Mutexes and rw_locks use Windows interlocked functions
2018-10-31 10:52:04 1064 [Note] InnoDB: _mm_lfence() and _mm_sfence() are used for memory barrier
2018-10-31 10:52:04 1064 [Note] InnoDB: Compressed tables use zlib 1.2.3
2018-10-31 10:52:04 1064 [Note] InnoDB: Using generic crc32 instructions
2018-10-31 10:52:04 1064 [Note] InnoDB: Initializing buffer pool, size = 16.0M
2018-10-31 10:52:04 1064 [Note] InnoDB: Completed initialization of buffer pool
2018-10-31 10:52:04 1064 [Note] InnoDB: Highest supported file format is Barracuda.
2018-10-31 10:52:05 1064 [Note] InnoDB: 128 rollback segment(s) are active.
2018-10-31 10:52:05 1064 [Note] InnoDB: Waiting for purge to start
2018-10-31 10:52:05 1064 [Note] InnoDB:  Percona XtraDB (http://www.percona.com) 5.6.39-83.1 started; log sequence number 2052144
2018-10-31 10:52:05 4340 [Note] InnoDB: Dumping buffer pool(s) not yet started
2018-10-31 10:52:05 1064 [Note] Plugin 'FEEDBACK' is disabled.
2018-10-31 10:52:05 1064 [Note] Server socket created on IP: '::'.
2018-10-31 10:52:05 1064 [ERROR] Can't start server: Bind on TCP/IP port. Got error: 10048: Normalerweise darf jede Socketadresse (Protokoll, Netzwerkadresse oder Anschluss) nur jeweils einmal verwendet werden.

2018-10-31 10:52:05 1064 [ERROR] Do you already have another mysqld server running on port: 3306 ?
2018-10-31 10:52:05 1064 [ERROR] Aborting

2018-10-31 10:53:06 395c InnoDB: Warning: Using innodb_additional_mem_pool_size is DEPRECATED. This option may be removed in future releases, together with the option innodb_use_sys_malloc and with the InnoDB's internal memory allocator.
2018-10-31 10:53:06 14684 [Note] InnoDB: innodb_empty_free_list_algorithm has been changed to legacy because of small buffer pool size. In order to use backoff, increase buffer pool at least up to 20MB.

2018-10-31 10:53:06 14684 [Note] InnoDB: Using mutexes to ref count buffer pool pages
2018-10-31 10:53:06 14684 [Note] InnoDB: The InnoDB memory heap is disabled
2018-10-31 10:53:06 14684 [Note] InnoDB: Mutexes and rw_locks use Windows interlocked functions
2018-10-31 10:53:06 14684 [Note] InnoDB: _mm_lfence() and _mm_sfence() are used for memory barrier
2018-10-31 10:53:06 14684 [Note] InnoDB: Compressed tables use zlib 1.2.3
2018-10-31 10:53:06 14684 [Note] InnoDB: Using generic crc32 instructions
2018-10-31 10:53:06 14684 [Note] InnoDB: Initializing buffer pool, size = 16.0M
2018-10-31 10:53:06 14684 [Note] InnoDB: Completed initialization of buffer pool
2018-10-31 10:53:06 14684 [Note] InnoDB: Highest supported file format is Barracuda.
2018-10-31 10:53:06 14684 [Note] InnoDB: 128 rollback segment(s) are active.
2018-10-31 10:53:06 14684 [Note] InnoDB: Waiting for purge to start
2018-10-31 10:53:06 14684 [Note] InnoDB:  Percona XtraDB (http://www.percona.com) 5.6.39-83.1 started; log sequence number 2052154
2018-10-31 10:53:06 9408 [Note] InnoDB: Dumping buffer pool(s) not yet started
2018-10-31 10:53:06 14684 [Note] Plugin 'FEEDBACK' is disabled.
2018-10-31 10:53:06 14684 [Note] Server socket created on IP: '::'.
2018-10-31 10:53:06 14684 [ERROR] Can't start server: Bind on TCP/IP port. Got error: 10048: Normalerweise darf jede Socketadresse (Protokoll, Netzwerkadresse oder Anschluss) nur jeweils einmal verwendet werden.

2018-10-31 10:53:06 14684 [ERROR] Do you already have another mysqld server running on port: 3306 ?
2018-10-31 10:53:06 14684 [ERROR] Aborting

2018-10-31 10:53:19 37e8 InnoDB: Warning: Using innodb_additional_mem_pool_size is DEPRECATED. This option may be removed in future releases, together with the option innodb_use_sys_malloc and with the InnoDB's internal memory allocator.
2018-10-31 10:53:19 14312 [Note] InnoDB: innodb_empty_free_list_algorithm has been changed to legacy because of small buffer pool size. In order to use backoff, increase buffer pool at least up to 20MB.

2018-10-31 10:53:19 14312 [Note] InnoDB: Using mutexes to ref count buffer pool pages
2018-10-31 10:53:19 14312 [Note] InnoDB: The InnoDB memory heap is disabled
2018-10-31 10:53:19 14312 [Note] InnoDB: Mutexes and rw_locks use Windows interlocked functions
2018-10-31 10:53:19 14312 [Note] InnoDB: _mm_lfence() and _mm_sfence() are used for memory barrier
2018-10-31 10:53:19 14312 [Note] InnoDB: Compressed tables use zlib 1.2.3
2018-10-31 10:53:19 14312 [Note] InnoDB: Using generic crc32 instructions
2018-10-31 10:53:19 14312 [Note] InnoDB: Initializing buffer pool, size = 16.0M
2018-10-31 10:53:19 14312 [Note] InnoDB: Completed initialization of buffer pool
2018-10-31 10:53:19 14312 [Note] InnoDB: Highest supported file format is Barracuda.
2018-10-31 10:53:19 14312 [Note] InnoDB: 128 rollback segment(s) are active.
2018-10-31 10:53:19 14312 [Note] InnoDB: Waiting for purge to start
2018-10-31 10:53:19 14312 [Note] InnoDB:  Percona XtraDB (http://www.percona.com) 5.6.39-83.1 started; log sequence number 2052164
2018-10-31 10:53:19 6624 [Note] InnoDB: Dumping buffer pool(s) not yet started
2018-10-31 10:53:19 14312 [Note] Plugin 'FEEDBACK' is disabled.
2018-10-31 10:53:19 14312 [Note] Server socket created on IP: '::'.
2018-10-31 10:53:19 14312 [ERROR] Can't start server: Bind on TCP/IP port. Got error: 10048: Normalerweise darf jede Socketadresse (Protokoll, Netzwerkadresse oder Anschluss) nur jeweils einmal verwendet werden.

2018-10-31 10:53:19 14312 [ERROR] Do you already have another mysqld server running on port: 3306 ?
2018-10-31 10:53:19 14312 [ERROR] Aborting

2018-10-31 10:55:07 2238 InnoDB: Warning: Using innodb_additional_mem_pool_size is DEPRECATED. This option may be removed in future releases, together with the option innodb_use_sys_malloc and with the InnoDB's internal memory allocator.
2018-10-31 10:55:07 8760 [Note] InnoDB: innodb_empty_free_list_algorithm has been changed to legacy because of small buffer pool size. In order to use backoff, increase buffer pool at least up to 20MB.

2018-10-31 10:55:07 8760 [Note] InnoDB: Using mutexes to ref count buffer pool pages
2018-10-31 10:55:07 8760 [Note] InnoDB: The InnoDB memory heap is disabled
2018-10-31 10:55:07 8760 [Note] InnoDB: Mutexes and rw_locks use Windows interlocked functions
2018-10-31 10:55:07 8760 [Note] InnoDB: _mm_lfence() and _mm_sfence() are used for memory barrier
2018-10-31 10:55:07 8760 [Note] InnoDB: Compressed tables use zlib 1.2.3
2018-10-31 10:55:07 8760 [Note] InnoDB: Using generic crc32 instructions
2018-10-31 10:55:07 8760 [Note] InnoDB: Initializing buffer pool, size = 16.0M
2018-10-31 10:55:07 8760 [Note] InnoDB: Completed initialization of buffer pool
2018-10-31 10:55:07 8760 [Note] InnoDB: Highest supported file format is Barracuda.
2018-10-31 10:55:07 8760 [Note] InnoDB: 128 rollback segment(s) are active.
2018-10-31 10:55:07 8760 [Note] InnoDB: Waiting for purge to start
2018-10-31 10:55:07 8760 [Note] InnoDB:  Percona XtraDB (http://www.percona.com) 5.6.39-83.1 started; log sequence number 2052174
2018-10-31 10:55:07 14972 [Note] InnoDB: Dumping buffer pool(s) not yet started
2018-10-31 10:55:07 8760 [Note] Plugin 'FEEDBACK' is disabled.
2018-10-31 10:55:07 8760 [Note] Server socket created on IP: '::'.
2018-10-31 10:55:08 8760 [Note] c:\xampp\mysql\bin\mysqld.exe: ready for connections.
Version: '10.1.36-MariaDB'  socket: ''  port: 3306  mariadb.org binary distribution
2018-10-31 13:56:43 3238 InnoDB: Warning: Using innodb_additional_mem_pool_size is DEPRECATED. This option may be removed in future releases, together with the option innodb_use_sys_malloc and with the InnoDB's internal memory allocator.
2018-10-31 13:56:43 12856 [Note] InnoDB: innodb_empty_free_list_algorithm has been changed to legacy because of small buffer pool size. In order to use backoff, increase buffer pool at least up to 20MB.

2018-10-31 13:56:44 12856 [Note] InnoDB: Using mutexes to ref count buffer pool pages
2018-10-31 13:56:44 12856 [Note] InnoDB: The InnoDB memory heap is disabled
2018-10-31 13:56:44 12856 [Note] InnoDB: Mutexes and rw_locks use Windows interlocked functions
2018-10-31 13:56:44 12856 [Note] InnoDB: _mm_lfence() and _mm_sfence() are used for memory barrier
2018-10-31 13:56:44 12856 [Note] InnoDB: Compressed tables use zlib 1.2.3
2018-10-31 13:56:44 12856 [Note] InnoDB: Using generic crc32 instructions
2018-10-31 13:56:44 12856 [Note] InnoDB: Initializing buffer pool, size = 16.0M
2018-10-31 13:56:44 12856 [Note] InnoDB: Completed initialization of buffer pool
2018-10-31 13:56:44 12856 [Note] InnoDB: Highest supported file format is Barracuda.
2018-10-31 13:56:44 12856 [Note] InnoDB: The log sequence number 2052174 in ibdata file do not match the log sequence number 2052184 in the ib_logfiles!
2018-10-31 13:56:44 12856 [Note] InnoDB: Restoring possible half-written data pages from the doublewrite buffer...
2018-10-31 13:56:44 12856 [Note] InnoDB: 128 rollback segment(s) are active.
2018-10-31 13:56:44 12856 [Note] InnoDB: Waiting for purge to start
2018-10-31 13:56:44 12856 [Note] InnoDB:  Percona XtraDB (http://www.percona.com) 5.6.39-83.1 started; log sequence number 2052184
2018-10-31 13:56:44 12180 [Note] InnoDB: Dumping buffer pool(s) not yet started
2018-10-31 13:56:44 12856 [Note] Plugin 'FEEDBACK' is disabled.
2018-10-31 13:56:44 12856 [Note] Server socket created on IP: '::'.
2018-10-31 13:56:44 12856 [Note] c:\xampp\mysql\bin\mysqld.exe: ready for connections.
Version: '10.1.36-MariaDB'  socket: ''  port: 3306  mariadb.org binary distribution
2018-10-31 16:53:01 be4 InnoDB: Warning: Using innodb_additional_mem_pool_size is DEPRECATED. This option may be removed in future releases, together with the option innodb_use_sys_malloc and with the InnoDB's internal memory allocator.
2018-10-31 16:53:01 3044 [Note] InnoDB: innodb_empty_free_list_algorithm has been changed to legacy because of small buffer pool size. In order to use backoff, increase buffer pool at least up to 20MB.

2018-10-31 16:53:01 3044 [Note] InnoDB: Using mutexes to ref count buffer pool pages
2018-10-31 16:53:01 3044 [Note] InnoDB: The InnoDB memory heap is disabled
2018-10-31 16:53:01 3044 [Note] InnoDB: Mutexes and rw_locks use Windows interlocked functions
2018-10-31 16:53:01 3044 [Note] InnoDB: _mm_lfence() and _mm_sfence() are used for memory barrier
2018-10-31 16:53:01 3044 [Note] InnoDB: Compressed tables use zlib 1.2.3
2018-10-31 16:53:01 3044 [Note] InnoDB: Using generic crc32 instructions
2018-10-31 16:53:01 3044 [Note] InnoDB: Initializing buffer pool, size = 16.0M
2018-10-31 16:53:01 3044 [Note] InnoDB: Completed initialization of buffer pool
2018-10-31 16:53:01 3044 [Note] InnoDB: Highest supported file format is Barracuda.
2018-10-31 16:53:01 3044 [Note] InnoDB: The log sequence number 2052174 in ibdata file do not match the log sequence number 2052194 in the ib_logfiles!
2018-10-31 16:53:02 3044 [Note] InnoDB: Restoring possible half-written data pages from the doublewrite buffer...
2018-10-31 16:53:02 3044 [Note] InnoDB: 128 rollback segment(s) are active.
2018-10-31 16:53:02 3044 [Note] InnoDB: Waiting for purge to start
2018-10-31 16:53:02 3044 [Note] InnoDB:  Percona XtraDB (http://www.percona.com) 5.6.39-83.1 started; log sequence number 2052194
2018-10-31 16:53:02 18940 [Note] InnoDB: Dumping buffer pool(s) not yet started
2018-10-31 16:53:02 3044 [Note] Plugin 'FEEDBACK' is disabled.
2018-10-31 16:53:02 3044 [Note] Server socket created on IP: '::'.
2018-10-31 16:53:02 3044 [Note] c:\xampp\mysql\bin\mysqld.exe: ready for connections.
Version: '10.1.36-MariaDB'  socket: ''  port: 3306  mariadb.org binary distribution
2018-11-01 14:15:06 4584 [ERROR] Incorrect definition of table mysql.column_stats: expected column 'min_value' at position 3 to have type varbinary(255), found type varchar(255).
2018-11-01 14:15:06 4584 [ERROR] Incorrect definition of table mysql.column_stats: expected column 'max_value' at position 4 to have type varbinary(255), found type varchar(255).
2018-11-01 14:23:19 18620 [ERROR] Incorrect definition of table mysql.column_stats: expected column 'min_value' at position 3 to have type varbinary(255), found type varchar(255).
2018-11-01 14:23:19 18620 [ERROR] Incorrect definition of table mysql.column_stats: expected column 'max_value' at position 4 to have type varbinary(255), found type varchar(255).
2018-11-01 14:28:41 18620 [ERROR] Incorrect definition of table mysql.column_stats: expected column 'min_value' at position 3 to have type varbinary(255), found type varchar(255).
2018-11-01 14:28:41 18620 [ERROR] Incorrect definition of table mysql.column_stats: expected column 'max_value' at position 4 to have type varbinary(255), found type varchar(255).
2018-11-01 14:30:30 18620 [ERROR] Incorrect definition of table mysql.column_stats: expected column 'min_value' at position 3 to have type varbinary(255), found type varchar(255).
2018-11-01 14:30:30 18620 [ERROR] Incorrect definition of table mysql.column_stats: expected column 'max_value' at position 4 to have type varbinary(255), found type varchar(255).
2018-11-01 14:31:01 4584 [ERROR] Incorrect definition of table mysql.column_stats: expected column 'min_value' at position 3 to have type varbinary(255), found type varchar(255).
2018-11-01 14:31:01 4584 [ERROR] Incorrect definition of table mysql.column_stats: expected column 'max_value' at position 4 to have type varbinary(255), found type varchar(255).
2018-11-01 14:32:27 4584 [ERROR] Incorrect definition of table mysql.column_stats: expected column 'min_value' at position 3 to have type varbinary(255), found type varchar(255).
2018-11-01 14:32:27 4584 [ERROR] Incorrect definition of table mysql.column_stats: expected column 'max_value' at position 4 to have type varbinary(255), found type varchar(255).
2018-11-01 14:44:49 18620 [ERROR] Incorrect definition of table mysql.column_stats: expected column 'min_value' at position 3 to have type varbinary(255), found type varchar(255).
2018-11-01 14:44:49 18620 [ERROR] Incorrect definition of table mysql.column_stats: expected column 'max_value' at position 4 to have type varbinary(255), found type varchar(255).
2018-11-01 14:45:12 4584 [ERROR] Incorrect definition of table mysql.column_stats: expected column 'min_value' at position 3 to have type varbinary(255), found type varchar(255).
2018-11-01 14:45:12 4584 [ERROR] Incorrect definition of table mysql.column_stats: expected column 'max_value' at position 4 to have type varbinary(255), found type varchar(255).
2018-11-01 14:48:31 18620 [ERROR] Incorrect definition of table mysql.column_stats: expected column 'min_value' at position 3 to have type varbinary(255), found type varchar(255).
2018-11-01 14:48:31 18620 [ERROR] Incorrect definition of table mysql.column_stats: expected column 'max_value' at position 4 to have type varbinary(255), found type varchar(255).
2018-11-03 21:50:09 3120 InnoDB: Warning: Using innodb_additional_mem_pool_size is DEPRECATED. This option may be removed in future releases, together with the option innodb_use_sys_malloc and with the InnoDB's internal memory allocator.
2018-11-03 21:50:09 12576 [Note] InnoDB: innodb_empty_free_list_algorithm has been changed to legacy because of small buffer pool size. In order to use backoff, increase buffer pool at least up to 20MB.

2018-11-03 21:50:09 12576 [Note] InnoDB: Using mutexes to ref count buffer pool pages
2018-11-03 21:50:09 12576 [Note] InnoDB: The InnoDB memory heap is disabled
2018-11-03 21:50:09 12576 [Note] InnoDB: Mutexes and rw_locks use Windows interlocked functions
2018-11-03 21:50:09 12576 [Note] InnoDB: _mm_lfence() and _mm_sfence() are used for memory barrier
2018-11-03 21:50:09 12576 [Note] InnoDB: Compressed tables use zlib 1.2.3
2018-11-03 21:50:09 12576 [Note] InnoDB: Using generic crc32 instructions
2018-11-03 21:50:09 12576 [Note] InnoDB: Initializing buffer pool, size = 16.0M
2018-11-03 21:50:09 12576 [Note] InnoDB: Completed initialization of buffer pool
2018-11-03 21:50:10 12576 [Note] InnoDB: Highest supported file format is Barracuda.
2018-11-03 21:50:10 12576 [Note] InnoDB: The log sequence number 2052174 in ibdata file do not match the log sequence number 2537026 in the ib_logfiles!
2018-11-03 21:50:10 12576 [Note] InnoDB: Restoring possible half-written data pages from the doublewrite buffer...
2018-11-03 21:50:10 12576 [Note] InnoDB: 128 rollback segment(s) are active.
2018-11-03 21:50:10 12576 [Note] InnoDB: Waiting for purge to start
2018-11-03 21:50:10 12576 [Note] InnoDB:  Percona XtraDB (http://www.percona.com) 5.6.39-83.1 started; log sequence number 2537026
2018-11-03 21:50:10 3132 [Note] InnoDB: Dumping buffer pool(s) not yet started
2018-11-03 21:50:10 12576 [Note] Plugin 'FEEDBACK' is disabled.
2018-11-03 21:50:10 12576 [Note] Server socket created on IP: '::'.
2018-11-03 21:50:10 12576 [Note] c:\xampp\mysql\bin\mysqld.exe: ready for connections.
Version: '10.1.36-MariaDB'  socket: ''  port: 3306  mariadb.org binary distribution
2018-11-03 22:28:26 5328 InnoDB: Warning: Using innodb_additional_mem_pool_size is DEPRECATED. This option may be removed in future releases, together with the option innodb_use_sys_malloc and with the InnoDB's internal memory allocator.
2018-11-03 22:28:26 21288 [Note] InnoDB: innodb_empty_free_list_algorithm has been changed to legacy because of small buffer pool size. In order to use backoff, increase buffer pool at least up to 20MB.

2018-11-03 22:28:26 21288 [Note] InnoDB: Using mutexes to ref count buffer pool pages
2018-11-03 22:28:26 21288 [Note] InnoDB: The InnoDB memory heap is disabled
2018-11-03 22:28:26 21288 [Note] InnoDB: Mutexes and rw_locks use Windows interlocked functions
2018-11-03 22:28:26 21288 [Note] InnoDB: _mm_lfence() and _mm_sfence() are used for memory barrier
2018-11-03 22:28:26 21288 [Note] InnoDB: Compressed tables use zlib 1.2.3
2018-11-03 22:28:26 21288 [Note] InnoDB: Using generic crc32 instructions
2018-11-03 22:28:26 21288 [Note] InnoDB: Initializing buffer pool, size = 16.0M
2018-11-03 22:28:26 21288 [Note] InnoDB: Completed initialization of buffer pool
2018-11-03 22:28:26 21288 [Note] InnoDB: Highest supported file format is Barracuda.
2018-11-03 22:28:26 21288 [Note] InnoDB: The log sequence number 2052174 in ibdata file do not match the log sequence number 2537036 in the ib_logfiles!
2018-11-03 22:28:26 21288 [Note] InnoDB: Restoring possible half-written data pages from the doublewrite buffer...
2018-11-03 22:28:27 21288 [Note] InnoDB: 128 rollback segment(s) are active.
2018-11-03 22:28:27 21288 [Note] InnoDB: Waiting for purge to start
2018-11-03 22:28:27 21288 [Note] InnoDB:  Percona XtraDB (http://www.percona.com) 5.6.39-83.1 started; log sequence number 2537036
2018-11-03 22:28:27 11936 [Note] InnoDB: Dumping buffer pool(s) not yet started
2018-11-03 22:28:27 21288 [Note] Plugin 'FEEDBACK' is disabled.
2018-11-03 22:28:27 21288 [Note] Server socket created on IP: '::'.
2018-11-03 22:28:27 21288 [Note] c:\xampp\mysql\bin\mysqld.exe: ready for connections.
Version: '10.1.36-MariaDB'  socket: ''  port: 3306  mariadb.org binary distribution
2018-11-03 22:38:07 6ccc InnoDB: Warning: Using innodb_additional_mem_pool_size is DEPRECATED. This option may be removed in future releases, together with the option innodb_use_sys_malloc and with the InnoDB's internal memory allocator.
2018-11-03 22:38:07 27852 [Note] InnoDB: innodb_empty_free_list_algorithm has been changed to legacy because of small buffer pool size. In order to use backoff, increase buffer pool at least up to 20MB.

2018-11-03 22:38:07 27852 [Note] InnoDB: Using mutexes to ref count buffer pool pages
2018-11-03 22:38:07 27852 [Note] InnoDB: The InnoDB memory heap is disabled
2018-11-03 22:38:07 27852 [Note] InnoDB: Mutexes and rw_locks use Windows interlocked functions
2018-11-03 22:38:07 27852 [Note] InnoDB: _mm_lfence() and _mm_sfence() are used for memory barrier
2018-11-03 22:38:07 27852 [Note] InnoDB: Compressed tables use zlib 1.2.3
2018-11-03 22:38:07 27852 [Note] InnoDB: Using generic crc32 instructions
2018-11-03 22:38:07 27852 [Note] InnoDB: Initializing buffer pool, size = 16.0M
2018-11-03 22:38:07 27852 [Note] InnoDB: Completed initialization of buffer pool
2018-11-03 22:38:07 27852 [Note] InnoDB: Highest supported file format is Barracuda.
2018-11-03 22:38:07 27852 [Note] InnoDB: The log sequence number 2052174 in ibdata file do not match the log sequence number 2551517 in the ib_logfiles!
2018-11-03 22:38:07 27852 [Note] InnoDB: Restoring possible half-written data pages from the doublewrite buffer...
2018-11-03 22:38:07 27852 [Note] InnoDB: 128 rollback segment(s) are active.
2018-11-03 22:38:07 27852 [Note] InnoDB: Waiting for purge to start
2018-11-03 22:38:07 27852 [Note] InnoDB:  Percona XtraDB (http://www.percona.com) 5.6.39-83.1 started; log sequence number 2551517
2018-11-03 22:38:07 13648 [Note] InnoDB: Dumping buffer pool(s) not yet started
2018-11-03 22:38:07 27852 [Note] Plugin 'FEEDBACK' is disabled.
2018-11-03 22:38:07 27852 [Note] Server socket created on IP: '::'.
2018-11-03 22:38:07 27852 [Note] c:\xampp\mysql\bin\mysqld.exe: ready for connections.
Version: '10.1.36-MariaDB'  socket: ''  port: 3306  mariadb.org binary distribution
